#! /usr/bin/vvp
:ivl_version "11.0 (stable)";
:ivl_delay_selection "TYPICAL";
:vpi_time_precision + 0;
:vpi_module "/usr/lib/x86_64-linux-gnu/ivl/system.vpi";
:vpi_module "/usr/lib/x86_64-linux-gnu/ivl/vhdl_sys.vpi";
:vpi_module "/usr/lib/x86_64-linux-gnu/ivl/vhdl_textio.vpi";
:vpi_module "/usr/lib/x86_64-linux-gnu/ivl/v2005_math.vpi";
:vpi_module "/usr/lib/x86_64-linux-gnu/ivl/va_math.vpi";
S_0x561bdc291000 .scope module, "tb_ripple_carry" "tb_ripple_carry" 2 1;
 .timescale 0 0;
v0x561bdc2d1690_0 .net "sum", 8 0, L_0x561bdc2d7160;  1 drivers
v0x561bdc2d1750_0 .var "x", 7 0;
v0x561bdc2d1820_0 .var "y", 7 0;
S_0x561bdc2a1cb0 .scope module, "dut" "ripple_carry" 2 5, 3 1 0, S_0x561bdc291000;
 .timescale 0 0;
    .port_info 0 /INPUT 8 "x";
    .port_info 1 /INPUT 8 "y";
    .port_info 2 /OUTPUT 9 "sum";
v0x561bdc2d10d0_0 .net *"_ivl_59", 0 0, L_0x561bdc2d75a0;  1 drivers
o0x7f60ff5a0b18 .functor BUFZ 1, C4<z>; HiZ drive
; Elide local net with no drivers, v0x561bdc2d11d0_0 name=_ivl_62
v0x561bdc2d12b0_0 .net "co", 8 0, L_0x561bdc2d77f0;  1 drivers
v0x561bdc2d1370_0 .net "sum", 8 0, L_0x561bdc2d7160;  alias, 1 drivers
v0x561bdc2d1450_0 .net "x", 7 0, v0x561bdc2d1750_0;  1 drivers
v0x561bdc2d1530_0 .net "y", 7 0, v0x561bdc2d1820_0;  1 drivers
L_0x561bdc2d2080 .part v0x561bdc2d1750_0, 0, 1;
L_0x561bdc2d21c0 .part v0x561bdc2d1820_0, 0, 1;
L_0x561bdc2d2b00 .part v0x561bdc2d1750_0, 1, 1;
L_0x561bdc2d2bf0 .part v0x561bdc2d1820_0, 1, 1;
L_0x561bdc2d2d10 .part L_0x561bdc2d77f0, 1, 1;
L_0x561bdc2d35f0 .part v0x561bdc2d1750_0, 2, 1;
L_0x561bdc2d37b0 .part v0x561bdc2d1820_0, 2, 1;
L_0x561bdc2d38e0 .part L_0x561bdc2d77f0, 2, 1;
L_0x561bdc2d4140 .part v0x561bdc2d1750_0, 3, 1;
L_0x561bdc2d4230 .part v0x561bdc2d1820_0, 3, 1;
L_0x561bdc2d4380 .part L_0x561bdc2d77f0, 3, 1;
L_0x561bdc2d4b30 .part v0x561bdc2d1750_0, 4, 1;
L_0x561bdc2d4c90 .part v0x561bdc2d1820_0, 4, 1;
L_0x561bdc2d4d80 .part L_0x561bdc2d77f0, 4, 1;
L_0x561bdc2d56e0 .part v0x561bdc2d1750_0, 5, 1;
L_0x561bdc2d57d0 .part v0x561bdc2d1820_0, 5, 1;
L_0x561bdc2d5950 .part L_0x561bdc2d77f0, 5, 1;
L_0x561bdc2d61c0 .part v0x561bdc2d1750_0, 6, 1;
L_0x561bdc2d6350 .part v0x561bdc2d1820_0, 6, 1;
L_0x561bdc2d6550 .part L_0x561bdc2d77f0, 6, 1;
L_0x561bdc2d6dd0 .part v0x561bdc2d1750_0, 7, 1;
L_0x561bdc2d6ec0 .part v0x561bdc2d1820_0, 7, 1;
L_0x561bdc2d7070 .part L_0x561bdc2d77f0, 7, 1;
LS_0x561bdc2d7160_0_0 .concat8 [ 1 1 1 1], L_0x561bdc2d1a20, L_0x561bdc2d23a0, L_0x561bdc2d2ea0, L_0x561bdc2d3ac0;
LS_0x561bdc2d7160_0_4 .concat8 [ 1 1 1 1], L_0x561bdc2d44c0, L_0x561bdc2d5020, L_0x561bdc2d5ae0, L_0x561bdc2d66f0;
LS_0x561bdc2d7160_0_8 .concat8 [ 1 0 0 0], L_0x561bdc2d75a0;
L_0x561bdc2d7160 .concat8 [ 4 4 1 0], LS_0x561bdc2d7160_0_0, LS_0x561bdc2d7160_0_4, LS_0x561bdc2d7160_0_8;
L_0x561bdc2d75a0 .part L_0x561bdc2d77f0, 8, 1;
LS_0x561bdc2d77f0_0_0 .concat [ 1 1 1 1], o0x7f60ff5a0b18, L_0x561bdc2d1920, L_0x561bdc2d2300, L_0x561bdc2d2e00;
LS_0x561bdc2d77f0_0_4 .concat [ 1 1 1 1], L_0x561bdc2d3a20, L_0x561bdc2d4420, L_0x561bdc2d4f80, L_0x561bdc2d5a40;
LS_0x561bdc2d77f0_0_8 .concat [ 1 0 0 0], L_0x561bdc2d62b0;
L_0x561bdc2d77f0 .concat [ 4 4 1 0], LS_0x561bdc2d77f0_0_0, LS_0x561bdc2d77f0_0_4, LS_0x561bdc2d77f0_0_8;
S_0x561bdc2a4f70 .scope generate, "genblk1[0]" "genblk1[0]" 3 11, 3 11 0, S_0x561bdc2a1cb0;
 .timescale 0 0;
P_0x561bdc29e920 .param/l "i" 0 3 11, +C4<00>;
S_0x561bdc2a8230 .scope generate, "genblk2" "genblk2" 3 12, 3 12 0, S_0x561bdc2a4f70;
 .timescale 0 0;
S_0x561bdc2ab4f0 .scope module, "m0" "fa" 3 13, 4 1 0, S_0x561bdc2a8230;
 .timescale 0 0;
    .port_info 0 /INPUT 1 "a";
    .port_info 1 /INPUT 1 "b";
    .port_info 2 /INPUT 1 "cin";
    .port_info 3 /OUTPUT 1 "s";
    .port_info 4 /OUTPUT 1 "cout";
L_0x7f60ff556060 .functor BUFT 1, C4<0>, C4<0>, C4<0>, C4<0>;
v0x561bdc29b850_0 .net *"_ivl_10", 0 0, L_0x7f60ff556060;  1 drivers
v0x561bdc291510_0 .net *"_ivl_11", 1 0, L_0x561bdc2d1e10;  1 drivers
L_0x7f60ff5566d8 .functor BUFT 1, C4<00>, C4<0>, C4<0>, C4<0>;
v0x561bdc28e230_0 .net *"_ivl_13", 1 0, L_0x7f60ff5566d8;  1 drivers
v0x561bdc29e7b0_0 .net *"_ivl_17", 1 0, L_0x561bdc2d1f50;  1 drivers
v0x561bdc29b4f0_0 .net *"_ivl_3", 1 0, L_0x561bdc2d1b40;  1 drivers
L_0x7f60ff556018 .functor BUFT 1, C4<0>, C4<0>, C4<0>, C4<0>;
v0x561bdc2911b0_0 .net *"_ivl_6", 0 0, L_0x7f60ff556018;  1 drivers
v0x561bdc28de90_0 .net *"_ivl_7", 1 0, L_0x561bdc2d1c90;  1 drivers
v0x561bdc2c8940_0 .net "a", 0 0, L_0x561bdc2d2080;  1 drivers
v0x561bdc2c8a00_0 .net "b", 0 0, L_0x561bdc2d21c0;  1 drivers
L_0x7f60ff5560a8 .functor BUFT 1, C4<0>, C4<0>, C4<0>, C4<0>;
v0x561bdc2c8ac0_0 .net "cin", 0 0, L_0x7f60ff5560a8;  1 drivers
v0x561bdc2c8b80_0 .net "cout", 0 0, L_0x561bdc2d1920;  1 drivers
v0x561bdc2c8c40_0 .net "s", 0 0, L_0x561bdc2d1a20;  1 drivers
L_0x561bdc2d1920 .part L_0x561bdc2d1f50, 1, 1;
L_0x561bdc2d1a20 .part L_0x561bdc2d1f50, 0, 1;
L_0x561bdc2d1b40 .concat [ 1 1 0 0], L_0x561bdc2d2080, L_0x7f60ff556018;
L_0x561bdc2d1c90 .concat [ 1 1 0 0], L_0x561bdc2d21c0, L_0x7f60ff556060;
L_0x561bdc2d1e10 .arith/sum 2, L_0x561bdc2d1b40, L_0x561bdc2d1c90;
L_0x561bdc2d1f50 .arith/sum 2, L_0x561bdc2d1e10, L_0x7f60ff5566d8;
S_0x561bdc2c8da0 .scope generate, "genblk1[1]" "genblk1[1]" 3 11, 3 11 0, S_0x561bdc2a1cb0;
 .timescale 0 0;
P_0x561bdc2c8f70 .param/l "i" 0 3 11, +C4<01>;
S_0x561bdc2c9030 .scope generate, "genblk3" "genblk3" 3 12, 3 12 0, S_0x561bdc2c8da0;
 .timescale 0 0;
S_0x561bdc2c9210 .scope module, "mx" "fa" 3 15, 4 1 0, S_0x561bdc2c9030;
 .timescale 0 0;
    .port_info 0 /INPUT 1 "a";
    .port_info 1 /INPUT 1 "b";
    .port_info 2 /INPUT 1 "cin";
    .port_info 3 /OUTPUT 1 "s";
    .port_info 4 /OUTPUT 1 "cout";
L_0x7f60ff556138 .functor BUFT 1, C4<0>, C4<0>, C4<0>, C4<0>;
v0x561bdc2c9410_0 .net *"_ivl_10", 0 0, L_0x7f60ff556138;  1 drivers
v0x561bdc2c9510_0 .net *"_ivl_11", 1 0, L_0x561bdc2d2750;  1 drivers
v0x561bdc2c95f0_0 .net *"_ivl_13", 1 0, L_0x561bdc2d2890;  1 drivers
L_0x7f60ff556180 .functor BUFT 1, C4<0>, C4<0>, C4<0>, C4<0>;
v0x561bdc2c96b0_0 .net *"_ivl_16", 0 0, L_0x7f60ff556180;  1 drivers
v0x561bdc2c9790_0 .net *"_ivl_17", 1 0, L_0x561bdc2d29c0;  1 drivers
v0x561bdc2c98c0_0 .net *"_ivl_3", 1 0, L_0x561bdc2d2490;  1 drivers
L_0x7f60ff5560f0 .functor BUFT 1, C4<0>, C4<0>, C4<0>, C4<0>;
v0x561bdc2c99a0_0 .net *"_ivl_6", 0 0, L_0x7f60ff5560f0;  1 drivers
v0x561bdc2c9a80_0 .net *"_ivl_7", 1 0, L_0x561bdc2d2580;  1 drivers
v0x561bdc2c9b60_0 .net "a", 0 0, L_0x561bdc2d2b00;  1 drivers
v0x561bdc2c9c20_0 .net "b", 0 0, L_0x561bdc2d2bf0;  1 drivers
v0x561bdc2c9ce0_0 .net "cin", 0 0, L_0x561bdc2d2d10;  1 drivers
v0x561bdc2c9da0_0 .net "cout", 0 0, L_0x561bdc2d2300;  1 drivers
v0x561bdc2c9e60_0 .net "s", 0 0, L_0x561bdc2d23a0;  1 drivers
L_0x561bdc2d2300 .part L_0x561bdc2d29c0, 1, 1;
L_0x561bdc2d23a0 .part L_0x561bdc2d29c0, 0, 1;
L_0x561bdc2d2490 .concat [ 1 1 0 0], L_0x561bdc2d2b00, L_0x7f60ff5560f0;
L_0x561bdc2d2580 .concat [ 1 1 0 0], L_0x561bdc2d2bf0, L_0x7f60ff556138;
L_0x561bdc2d2750 .arith/sum 2, L_0x561bdc2d2490, L_0x561bdc2d2580;
L_0x561bdc2d2890 .concat [ 1 1 0 0], L_0x561bdc2d2d10, L_0x7f60ff556180;
L_0x561bdc2d29c0 .arith/sum 2, L_0x561bdc2d2750, L_0x561bdc2d2890;
S_0x561bdc2c9fc0 .scope generate, "genblk1[2]" "genblk1[2]" 3 11, 3 11 0, S_0x561bdc2a1cb0;
 .timescale 0 0;
P_0x561bdc2ca170 .param/l "i" 0 3 11, +C4<010>;
S_0x561bdc2ca230 .scope generate, "genblk3" "genblk3" 3 12, 3 12 0, S_0x561bdc2c9fc0;
 .timescale 0 0;
S_0x561bdc2ca410 .scope module, "mx" "fa" 3 15, 4 1 0, S_0x561bdc2ca230;
 .timescale 0 0;
    .port_info 0 /INPUT 1 "a";
    .port_info 1 /INPUT 1 "b";
    .port_info 2 /INPUT 1 "cin";
    .port_info 3 /OUTPUT 1 "s";
    .port_info 4 /OUTPUT 1 "cout";
L_0x7f60ff556210 .functor BUFT 1, C4<0>, C4<0>, C4<0>, C4<0>;
v0x561bdc2ca610_0 .net *"_ivl_10", 0 0, L_0x7f60ff556210;  1 drivers
v0x561bdc2ca710_0 .net *"_ivl_11", 1 0, L_0x561bdc2d31d0;  1 drivers
v0x561bdc2ca7f0_0 .net *"_ivl_13", 1 0, L_0x561bdc2d3310;  1 drivers
L_0x7f60ff556258 .functor BUFT 1, C4<0>, C4<0>, C4<0>, C4<0>;
v0x561bdc2ca8b0_0 .net *"_ivl_16", 0 0, L_0x7f60ff556258;  1 drivers
v0x561bdc2ca990_0 .net *"_ivl_17", 1 0, L_0x561bdc2d3500;  1 drivers
v0x561bdc2caac0_0 .net *"_ivl_3", 1 0, L_0x561bdc2d2f90;  1 drivers
L_0x7f60ff5561c8 .functor BUFT 1, C4<0>, C4<0>, C4<0>, C4<0>;
v0x561bdc2caba0_0 .net *"_ivl_6", 0 0, L_0x7f60ff5561c8;  1 drivers
v0x561bdc2cac80_0 .net *"_ivl_7", 1 0, L_0x561bdc2d3080;  1 drivers
v0x561bdc2cad60_0 .net "a", 0 0, L_0x561bdc2d35f0;  1 drivers
v0x561bdc2caeb0_0 .net "b", 0 0, L_0x561bdc2d37b0;  1 drivers
v0x561bdc2caf70_0 .net "cin", 0 0, L_0x561bdc2d38e0;  1 drivers
v0x561bdc2cb030_0 .net "cout", 0 0, L_0x561bdc2d2e00;  1 drivers
v0x561bdc2cb0f0_0 .net "s", 0 0, L_0x561bdc2d2ea0;  1 drivers
L_0x561bdc2d2e00 .part L_0x561bdc2d3500, 1, 1;
L_0x561bdc2d2ea0 .part L_0x561bdc2d3500, 0, 1;
L_0x561bdc2d2f90 .concat [ 1 1 0 0], L_0x561bdc2d35f0, L_0x7f60ff5561c8;
L_0x561bdc2d3080 .concat [ 1 1 0 0], L_0x561bdc2d37b0, L_0x7f60ff556210;
L_0x561bdc2d31d0 .arith/sum 2, L_0x561bdc2d2f90, L_0x561bdc2d3080;
L_0x561bdc2d3310 .concat [ 1 1 0 0], L_0x561bdc2d38e0, L_0x7f60ff556258;
L_0x561bdc2d3500 .arith/sum 2, L_0x561bdc2d31d0, L_0x561bdc2d3310;
S_0x561bdc2cb250 .scope generate, "genblk1[3]" "genblk1[3]" 3 11, 3 11 0, S_0x561bdc2a1cb0;
 .timescale 0 0;
P_0x561bdc2cb400 .param/l "i" 0 3 11, +C4<011>;
S_0x561bdc2cb4e0 .scope generate, "genblk3" "genblk3" 3 12, 3 12 0, S_0x561bdc2cb250;
 .timescale 0 0;
S_0x561bdc2cb6c0 .scope module, "mx" "fa" 3 15, 4 1 0, S_0x561bdc2cb4e0;
 .timescale 0 0;
    .port_info 0 /INPUT 1 "a";
    .port_info 1 /INPUT 1 "b";
    .port_info 2 /INPUT 1 "cin";
    .port_info 3 /OUTPUT 1 "s";
    .port_info 4 /OUTPUT 1 "cout";
L_0x7f60ff5562e8 .functor BUFT 1, C4<0>, C4<0>, C4<0>, C4<0>;
v0x561bdc2cb8c0_0 .net *"_ivl_10", 0 0, L_0x7f60ff5562e8;  1 drivers
v0x561bdc2cb9c0_0 .net *"_ivl_11", 1 0, L_0x561bdc2d3d90;  1 drivers
v0x561bdc2cbaa0_0 .net *"_ivl_13", 1 0, L_0x561bdc2d3ed0;  1 drivers
L_0x7f60ff556330 .functor BUFT 1, C4<0>, C4<0>, C4<0>, C4<0>;
v0x561bdc2cbb90_0 .net *"_ivl_16", 0 0, L_0x7f60ff556330;  1 drivers
v0x561bdc2cbc70_0 .net *"_ivl_17", 1 0, L_0x561bdc2d4000;  1 drivers
v0x561bdc2cbda0_0 .net *"_ivl_3", 1 0, L_0x561bdc2d3bb0;  1 drivers
L_0x7f60ff5562a0 .functor BUFT 1, C4<0>, C4<0>, C4<0>, C4<0>;
v0x561bdc2cbe80_0 .net *"_ivl_6", 0 0, L_0x7f60ff5562a0;  1 drivers
v0x561bdc2cbf60_0 .net *"_ivl_7", 1 0, L_0x561bdc2d3ca0;  1 drivers
v0x561bdc2cc040_0 .net "a", 0 0, L_0x561bdc2d4140;  1 drivers
v0x561bdc2cc190_0 .net "b", 0 0, L_0x561bdc2d4230;  1 drivers
v0x561bdc2cc250_0 .net "cin", 0 0, L_0x561bdc2d4380;  1 drivers
v0x561bdc2cc310_0 .net "cout", 0 0, L_0x561bdc2d3a20;  1 drivers
v0x561bdc2cc3d0_0 .net "s", 0 0, L_0x561bdc2d3ac0;  1 drivers
L_0x561bdc2d3a20 .part L_0x561bdc2d4000, 1, 1;
L_0x561bdc2d3ac0 .part L_0x561bdc2d4000, 0, 1;
L_0x561bdc2d3bb0 .concat [ 1 1 0 0], L_0x561bdc2d4140, L_0x7f60ff5562a0;
L_0x561bdc2d3ca0 .concat [ 1 1 0 0], L_0x561bdc2d4230, L_0x7f60ff5562e8;
L_0x561bdc2d3d90 .arith/sum 2, L_0x561bdc2d3bb0, L_0x561bdc2d3ca0;
L_0x561bdc2d3ed0 .concat [ 1 1 0 0], L_0x561bdc2d4380, L_0x7f60ff556330;
L_0x561bdc2d4000 .arith/sum 2, L_0x561bdc2d3d90, L_0x561bdc2d3ed0;
S_0x561bdc2cc530 .scope generate, "genblk1[4]" "genblk1[4]" 3 11, 3 11 0, S_0x561bdc2a1cb0;
 .timescale 0 0;
P_0x561bdc2cc730 .param/l "i" 0 3 11, +C4<0100>;
S_0x561bdc2cc810 .scope generate, "genblk3" "genblk3" 3 12, 3 12 0, S_0x561bdc2cc530;
 .timescale 0 0;
S_0x561bdc2cc9f0 .scope module, "mx" "fa" 3 15, 4 1 0, S_0x561bdc2cc810;
 .timescale 0 0;
    .port_info 0 /INPUT 1 "a";
    .port_info 1 /INPUT 1 "b";
    .port_info 2 /INPUT 1 "cin";
    .port_info 3 /OUTPUT 1 "s";
    .port_info 4 /OUTPUT 1 "cout";
L_0x7f60ff5563c0 .functor BUFT 1, C4<0>, C4<0>, C4<0>, C4<0>;
v0x561bdc2ccbf0_0 .net *"_ivl_10", 0 0, L_0x7f60ff5563c0;  1 drivers
v0x561bdc2cccf0_0 .net *"_ivl_11", 1 0, L_0x561bdc2d4790;  1 drivers
v0x561bdc2ccdd0_0 .net *"_ivl_13", 1 0, L_0x561bdc2d48d0;  1 drivers
L_0x7f60ff556408 .functor BUFT 1, C4<0>, C4<0>, C4<0>, C4<0>;
v0x561bdc2cce90_0 .net *"_ivl_16", 0 0, L_0x7f60ff556408;  1 drivers
v0x561bdc2ccf70_0 .net *"_ivl_17", 1 0, L_0x561bdc2d49f0;  1 drivers
v0x561bdc2cd0a0_0 .net *"_ivl_3", 1 0, L_0x561bdc2d45b0;  1 drivers
L_0x7f60ff556378 .functor BUFT 1, C4<0>, C4<0>, C4<0>, C4<0>;
v0x561bdc2cd180_0 .net *"_ivl_6", 0 0, L_0x7f60ff556378;  1 drivers
v0x561bdc2cd260_0 .net *"_ivl_7", 1 0, L_0x561bdc2d46a0;  1 drivers
v0x561bdc2cd340_0 .net "a", 0 0, L_0x561bdc2d4b30;  1 drivers
v0x561bdc2cd490_0 .net "b", 0 0, L_0x561bdc2d4c90;  1 drivers
v0x561bdc2cd550_0 .net "cin", 0 0, L_0x561bdc2d4d80;  1 drivers
v0x561bdc2cd610_0 .net "cout", 0 0, L_0x561bdc2d4420;  1 drivers
v0x561bdc2cd6d0_0 .net "s", 0 0, L_0x561bdc2d44c0;  1 drivers
L_0x561bdc2d4420 .part L_0x561bdc2d49f0, 1, 1;
L_0x561bdc2d44c0 .part L_0x561bdc2d49f0, 0, 1;
L_0x561bdc2d45b0 .concat [ 1 1 0 0], L_0x561bdc2d4b30, L_0x7f60ff556378;
L_0x561bdc2d46a0 .concat [ 1 1 0 0], L_0x561bdc2d4c90, L_0x7f60ff5563c0;
L_0x561bdc2d4790 .arith/sum 2, L_0x561bdc2d45b0, L_0x561bdc2d46a0;
L_0x561bdc2d48d0 .concat [ 1 1 0 0], L_0x561bdc2d4d80, L_0x7f60ff556408;
L_0x561bdc2d49f0 .arith/sum 2, L_0x561bdc2d4790, L_0x561bdc2d48d0;
S_0x561bdc2cd830 .scope generate, "genblk1[5]" "genblk1[5]" 3 11, 3 11 0, S_0x561bdc2a1cb0;
 .timescale 0 0;
P_0x561bdc2cd9e0 .param/l "i" 0 3 11, +C4<0101>;
S_0x561bdc2cdac0 .scope generate, "genblk3" "genblk3" 3 12, 3 12 0, S_0x561bdc2cd830;
 .timescale 0 0;
S_0x561bdc2cdca0 .scope module, "mx" "fa" 3 15, 4 1 0, S_0x561bdc2cdac0;
 .timescale 0 0;
    .port_info 0 /INPUT 1 "a";
    .port_info 1 /INPUT 1 "b";
    .port_info 2 /INPUT 1 "cin";
    .port_info 3 /OUTPUT 1 "s";
    .port_info 4 /OUTPUT 1 "cout";
L_0x7f60ff556498 .functor BUFT 1, C4<0>, C4<0>, C4<0>, C4<0>;
v0x561bdc2cdea0_0 .net *"_ivl_10", 0 0, L_0x7f60ff556498;  1 drivers
v0x561bdc2cdfa0_0 .net *"_ivl_11", 1 0, L_0x561bdc2d5300;  1 drivers
v0x561bdc2ce080_0 .net *"_ivl_13", 1 0, L_0x561bdc2d5440;  1 drivers
L_0x7f60ff5564e0 .functor BUFT 1, C4<0>, C4<0>, C4<0>, C4<0>;
v0x561bdc2ce170_0 .net *"_ivl_16", 0 0, L_0x7f60ff5564e0;  1 drivers
v0x561bdc2ce250_0 .net *"_ivl_17", 1 0, L_0x561bdc2d55a0;  1 drivers
v0x561bdc2ce380_0 .net *"_ivl_3", 1 0, L_0x561bdc2d50c0;  1 drivers
L_0x7f60ff556450 .functor BUFT 1, C4<0>, C4<0>, C4<0>, C4<0>;
v0x561bdc2ce460_0 .net *"_ivl_6", 0 0, L_0x7f60ff556450;  1 drivers
v0x561bdc2ce540_0 .net *"_ivl_7", 1 0, L_0x561bdc2d51b0;  1 drivers
v0x561bdc2ce620_0 .net "a", 0 0, L_0x561bdc2d56e0;  1 drivers
v0x561bdc2ce770_0 .net "b", 0 0, L_0x561bdc2d57d0;  1 drivers
v0x561bdc2ce830_0 .net "cin", 0 0, L_0x561bdc2d5950;  1 drivers
v0x561bdc2ce8f0_0 .net "cout", 0 0, L_0x561bdc2d4f80;  1 drivers
v0x561bdc2ce9b0_0 .net "s", 0 0, L_0x561bdc2d5020;  1 drivers
L_0x561bdc2d4f80 .part L_0x561bdc2d55a0, 1, 1;
L_0x561bdc2d5020 .part L_0x561bdc2d55a0, 0, 1;
L_0x561bdc2d50c0 .concat [ 1 1 0 0], L_0x561bdc2d56e0, L_0x7f60ff556450;
L_0x561bdc2d51b0 .concat [ 1 1 0 0], L_0x561bdc2d57d0, L_0x7f60ff556498;
L_0x561bdc2d5300 .arith/sum 2, L_0x561bdc2d50c0, L_0x561bdc2d51b0;
L_0x561bdc2d5440 .concat [ 1 1 0 0], L_0x561bdc2d5950, L_0x7f60ff5564e0;
L_0x561bdc2d55a0 .arith/sum 2, L_0x561bdc2d5300, L_0x561bdc2d5440;
S_0x561bdc2ceb10 .scope generate, "genblk1[6]" "genblk1[6]" 3 11, 3 11 0, S_0x561bdc2a1cb0;
 .timescale 0 0;
P_0x561bdc2cecc0 .param/l "i" 0 3 11, +C4<0110>;
S_0x561bdc2ceda0 .scope generate, "genblk3" "genblk3" 3 12, 3 12 0, S_0x561bdc2ceb10;
 .timescale 0 0;
S_0x561bdc2cef80 .scope module, "mx" "fa" 3 15, 4 1 0, S_0x561bdc2ceda0;
 .timescale 0 0;
    .port_info 0 /INPUT 1 "a";
    .port_info 1 /INPUT 1 "b";
    .port_info 2 /INPUT 1 "cin";
    .port_info 3 /OUTPUT 1 "s";
    .port_info 4 /OUTPUT 1 "cout";
L_0x7f60ff556570 .functor BUFT 1, C4<0>, C4<0>, C4<0>, C4<0>;
v0x561bdc2cf180_0 .net *"_ivl_10", 0 0, L_0x7f60ff556570;  1 drivers
v0x561bdc2cf280_0 .net *"_ivl_11", 1 0, L_0x561bdc2d5de0;  1 drivers
v0x561bdc2cf360_0 .net *"_ivl_13", 1 0, L_0x561bdc2d5f20;  1 drivers
L_0x7f60ff5565b8 .functor BUFT 1, C4<0>, C4<0>, C4<0>, C4<0>;
v0x561bdc2cf450_0 .net *"_ivl_16", 0 0, L_0x7f60ff5565b8;  1 drivers
v0x561bdc2cf530_0 .net *"_ivl_17", 1 0, L_0x561bdc2d6080;  1 drivers
v0x561bdc2cf660_0 .net *"_ivl_3", 1 0, L_0x561bdc2d5bd0;  1 drivers
L_0x7f60ff556528 .functor BUFT 1, C4<0>, C4<0>, C4<0>, C4<0>;
v0x561bdc2cf740_0 .net *"_ivl_6", 0 0, L_0x7f60ff556528;  1 drivers
v0x561bdc2cf820_0 .net *"_ivl_7", 1 0, L_0x561bdc2d5cc0;  1 drivers
v0x561bdc2cf900_0 .net "a", 0 0, L_0x561bdc2d61c0;  1 drivers
v0x561bdc2cfa50_0 .net "b", 0 0, L_0x561bdc2d6350;  1 drivers
v0x561bdc2cfb10_0 .net "cin", 0 0, L_0x561bdc2d6550;  1 drivers
v0x561bdc2cfbd0_0 .net "cout", 0 0, L_0x561bdc2d5a40;  1 drivers
v0x561bdc2cfc90_0 .net "s", 0 0, L_0x561bdc2d5ae0;  1 drivers
L_0x561bdc2d5a40 .part L_0x561bdc2d6080, 1, 1;
L_0x561bdc2d5ae0 .part L_0x561bdc2d6080, 0, 1;
L_0x561bdc2d5bd0 .concat [ 1 1 0 0], L_0x561bdc2d61c0, L_0x7f60ff556528;
L_0x561bdc2d5cc0 .concat [ 1 1 0 0], L_0x561bdc2d6350, L_0x7f60ff556570;
L_0x561bdc2d5de0 .arith/sum 2, L_0x561bdc2d5bd0, L_0x561bdc2d5cc0;
L_0x561bdc2d5f20 .concat [ 1 1 0 0], L_0x561bdc2d6550, L_0x7f60ff5565b8;
L_0x561bdc2d6080 .arith/sum 2, L_0x561bdc2d5de0, L_0x561bdc2d5f20;
S_0x561bdc2cfdf0 .scope generate, "genblk1[7]" "genblk1[7]" 3 11, 3 11 0, S_0x561bdc2a1cb0;
 .timescale 0 0;
P_0x561bdc2cffa0 .param/l "i" 0 3 11, +C4<0111>;
S_0x561bdc2d0080 .scope generate, "genblk3" "genblk3" 3 12, 3 12 0, S_0x561bdc2cfdf0;
 .timescale 0 0;
S_0x561bdc2d0260 .scope module, "mx" "fa" 3 15, 4 1 0, S_0x561bdc2d0080;
 .timescale 0 0;
    .port_info 0 /INPUT 1 "a";
    .port_info 1 /INPUT 1 "b";
    .port_info 2 /INPUT 1 "cin";
    .port_info 3 /OUTPUT 1 "s";
    .port_info 4 /OUTPUT 1 "cout";
L_0x7f60ff556648 .functor BUFT 1, C4<0>, C4<0>, C4<0>, C4<0>;
v0x561bdc2d0460_0 .net *"_ivl_10", 0 0, L_0x7f60ff556648;  1 drivers
v0x561bdc2d0560_0 .net *"_ivl_11", 1 0, L_0x561bdc2d69f0;  1 drivers
v0x561bdc2d0640_0 .net *"_ivl_13", 1 0, L_0x561bdc2d6b30;  1 drivers
L_0x7f60ff556690 .functor BUFT 1, C4<0>, C4<0>, C4<0>, C4<0>;
v0x561bdc2d0730_0 .net *"_ivl_16", 0 0, L_0x7f60ff556690;  1 drivers
v0x561bdc2d0810_0 .net *"_ivl_17", 1 0, L_0x561bdc2d6c90;  1 drivers
v0x561bdc2d0940_0 .net *"_ivl_3", 1 0, L_0x561bdc2d67e0;  1 drivers
L_0x7f60ff556600 .functor BUFT 1, C4<0>, C4<0>, C4<0>, C4<0>;
v0x561bdc2d0a20_0 .net *"_ivl_6", 0 0, L_0x7f60ff556600;  1 drivers
v0x561bdc2d0b00_0 .net *"_ivl_7", 1 0, L_0x561bdc2d68d0;  1 drivers
v0x561bdc2d0be0_0 .net "a", 0 0, L_0x561bdc2d6dd0;  1 drivers
v0x561bdc2d0d30_0 .net "b", 0 0, L_0x561bdc2d6ec0;  1 drivers
v0x561bdc2d0df0_0 .net "cin", 0 0, L_0x561bdc2d7070;  1 drivers
v0x561bdc2d0eb0_0 .net "cout", 0 0, L_0x561bdc2d62b0;  1 drivers
v0x561bdc2d0f70_0 .net "s", 0 0, L_0x561bdc2d66f0;  1 drivers
L_0x561bdc2d62b0 .part L_0x561bdc2d6c90, 1, 1;
L_0x561bdc2d66f0 .part L_0x561bdc2d6c90, 0, 1;
L_0x561bdc2d67e0 .concat [ 1 1 0 0], L_0x561bdc2d6dd0, L_0x7f60ff556600;
L_0x561bdc2d68d0 .concat [ 1 1 0 0], L_0x561bdc2d6ec0, L_0x7f60ff556648;
L_0x561bdc2d69f0 .arith/sum 2, L_0x561bdc2d67e0, L_0x561bdc2d68d0;
L_0x561bdc2d6b30 .concat [ 1 1 0 0], L_0x561bdc2d7070, L_0x7f60ff556690;
L_0x561bdc2d6c90 .arith/sum 2, L_0x561bdc2d69f0, L_0x561bdc2d6b30;
    .scope S_0x561bdc291000;
T_0 ;
    %vpi_call 2 9 "$dumpfile", "ripple_carry.vcd" {0 0 0};
    %vpi_call 2 10 "$dumpvars", 32'sb00000000000000000000000000000000, S_0x561bdc291000 {0 0 0};
    %delay 10, 0;
    %pushi/vec4 244, 0, 8;
    %store/vec4 v0x561bdc2d1750_0, 0, 8;
    %pushi/vec4 41, 0, 8;
    %store/vec4 v0x561bdc2d1820_0, 0, 8;
    %delay 10, 0;
    %vpi_call 2 14 "$finish" {0 0 0};
    %end;
    .thread T_0;
# The file index is used to find the file name in the following table.
:file_names 5;
    "N/A";
    "<interactive>";
    "tb_ripple_carry.v";
    "ripple_carry.v";
    "fa.v";
